[09-Oct-2019 11:49:14 UTC] PHP Parse error:  syntax error, unexpected '<<' (T_SL), expecting function (T_FUNCTION) or const (T_CONST) in C:\inetpub\wwwroot\PHP\flevosap_2.0\src\database\QueryBuilder.php on line 25
[09-Oct-2019 11:50:07 UTC] PHP Fatal error:  Uncaught Exception: no route defined in C:\inetpub\wwwroot\PHP\flevosap_2.0\src\Router.php:31
Stack trace:
#0 C:\inetpub\wwwroot\PHP\flevosap_2.0\index.php(7): Router->direct('wikelmand')
#1 {main}
  thrown in C:\inetpub\wwwroot\PHP\flevosap_2.0\src\Router.php on line 31
[09-Oct-2019 11:50:38 UTC] PHP Fatal error:  Uncaught Exception: no route defined in C:\inetpub\wwwroot\PHP\flevosap_2.0\src\Router.php:31
Stack trace:
#0 C:\inetpub\wwwroot\PHP\flevosap_2.0\index.php(7): Router->direct('wikelmand')
#1 {main}
  thrown in C:\inetpub\wwwroot\PHP\flevosap_2.0\src\Router.php on line 31
[09-Oct-2019 11:50:46 UTC] PHP Fatal error:  Uncaught Exception: no route defined in C:\inetpub\wwwroot\PHP\flevosap_2.0\src\Router.php:31
Stack trace:
#0 C:\inetpub\wwwroot\PHP\flevosap_2.0\index.php(7): Router->direct('wikelmand')
#1 {main}
  thrown in C:\inetpub\wwwroot\PHP\flevosap_2.0\src\Router.php on line 31
[09-Oct-2019 12:08:08 UTC] PHP Fatal error:  Uncaught Exception: no route defined in C:\inetpub\wwwroot\PHP\flevosap_2.0\src\Router.php:31
Stack trace:
#0 C:\inetpub\wwwroot\PHP\flevosap_2.0\index.php(7): Router->direct('winkelmand/1/ad...')
#1 {main}
  thrown in C:\inetpub\wwwroot\PHP\flevosap_2.0\src\Router.php on line 31
[10-Oct-2019 11:44:52 UTC] PHP Notice:  Undefined index: image in C:\inetpub\wwwroot\PHP\flevosap_2.0\src\Controllers\admin.php on line 77
[10-Oct-2019 11:48:08 UTC] PHP Warning:  move_uploaded_file(scr/Resources/public/images/imageupload/5d9f1a781dbd86.68512503.png): failed to open stream: No such file or directory in C:\inetpub\wwwroot\PHP\flevosap_2.0\src\Controllers\admin.php on line 43
[10-Oct-2019 11:48:08 UTC] PHP Warning:  move_uploaded_file(): Unable to move 'C:\Users\maud_cp8wljs\AppData\Local\Temp\phpE106.tmp' to 'scr/Resources/public/images/imageupload/5d9f1a781dbd86.68512503.png' in C:\inetpub\wwwroot\PHP\flevosap_2.0\src\Controllers\admin.php on line 43
[10-Oct-2019 11:48:08 UTC] PHP Notice:  Undefined property: QueryBuilder::$conn in C:\inetpub\wwwroot\PHP\flevosap_2.0\src\database\QueryBuilder.php on line 54
[10-Oct-2019 11:48:08 UTC] PHP Fatal error:  Uncaught Error: Call to a member function prepare() on null in C:\inetpub\wwwroot\PHP\flevosap_2.0\src\database\QueryBuilder.php:54
Stack trace:
#0 C:\inetpub\wwwroot\PHP\flevosap_2.0\src\Controllers\admin.php(45): QueryBuilder->createProduct()
#1 C:\inetpub\wwwroot\PHP\flevosap_2.0\index.php(7): require('C:\\inetpub\\wwwr...')
#2 {main}
  thrown in C:\inetpub\wwwroot\PHP\flevosap_2.0\src\database\QueryBuilder.php on line 54
[10-Oct-2019 11:49:14 UTC] PHP Warning:  move_uploaded_file(scr/Resources/public/images/imageupload/5d9f1aba60ade8.51679696.png): failed to open stream: No such file or directory in C:\inetpub\wwwroot\PHP\flevosap_2.0\src\Controllers\admin.php on line 43
[10-Oct-2019 11:49:14 UTC] PHP Warning:  move_uploaded_file(): Unable to move 'C:\Users\maud_cp8wljs\AppData\Local\Temp\phpE3E1.tmp' to 'scr/Resources/public/images/imageupload/5d9f1aba60ade8.51679696.png' in C:\inetpub\wwwroot\PHP\flevosap_2.0\src\Controllers\admin.php on line 43
[10-Oct-2019 11:49:14 UTC] PHP Fatal error:  Uncaught PDOException: SQLSTATE[HY000]: General error: 1366 Incorrect decimal value: 'g' for column 'product_price' at row 1 in C:\inetpub\wwwroot\PHP\flevosap_2.0\src\database\QueryBuilder.php:56
Stack trace:
#0 C:\inetpub\wwwroot\PHP\flevosap_2.0\src\database\QueryBuilder.php(56): PDOStatement->execute()
#1 C:\inetpub\wwwroot\PHP\flevosap_2.0\src\Controllers\admin.php(45): QueryBuilder->createProduct()
#2 C:\inetpub\wwwroot\PHP\flevosap_2.0\index.php(7): require('C:\\inetpub\\wwwr...')
#3 {main}
  thrown in C:\inetpub\wwwroot\PHP\flevosap_2.0\src\database\QueryBuilder.php on line 56
[10-Oct-2019 11:50:46 UTC] PHP Fatal error:  Uncaught PDOException: SQLSTATE[HY000]: General error: 1366 Incorrect decimal value: 'g' for column 'product_price' at row 1 in C:\inetpub\wwwroot\PHP\flevosap_2.0\src\database\QueryBuilder.php:56
Stack trace:
#0 C:\inetpub\wwwroot\PHP\flevosap_2.0\src\database\QueryBuilder.php(56): PDOStatement->execute()
#1 C:\inetpub\wwwroot\PHP\flevosap_2.0\src\Controllers\admin.php(44): QueryBuilder->createProduct()
#2 C:\inetpub\wwwroot\PHP\flevosap_2.0\index.php(7): require('C:\\inetpub\\wwwr...')
#3 {main}
  thrown in C:\inetpub\wwwroot\PHP\flevosap_2.0\src\database\QueryBuilder.php on line 56
[10-Oct-2019 11:51:50 UTC] PHP Fatal error:  Uncaught PDOException: SQLSTATE[HY000]: General error: 1364 Field 'product_type' doesn't have a default value in C:\inetpub\wwwroot\PHP\flevosap_2.0\src\database\QueryBuilder.php:56
Stack trace:
#0 C:\inetpub\wwwroot\PHP\flevosap_2.0\src\database\QueryBuilder.php(56): PDOStatement->execute()
#1 C:\inetpub\wwwroot\PHP\flevosap_2.0\src\Controllers\admin.php(44): QueryBuilder->createProduct()
#2 C:\inetpub\wwwroot\PHP\flevosap_2.0\index.php(7): require('C:\\inetpub\\wwwr...')
#3 {main}
  thrown in C:\inetpub\wwwroot\PHP\flevosap_2.0\src\database\QueryBuilder.php on line 56
[10-Oct-2019 11:56:45 UTC] PHP Fatal error:  Uncaught PDOException: SQLSTATE[HY000]: General error: 1364 Field 'storage_amount' doesn't have a default value in C:\inetpub\wwwroot\PHP\flevosap_2.0\src\database\QueryBuilder.php:57
Stack trace:
#0 C:\inetpub\wwwroot\PHP\flevosap_2.0\src\database\QueryBuilder.php(57): PDOStatement->execute()
#1 C:\inetpub\wwwroot\PHP\flevosap_2.0\src\Controllers\admin.php(44): QueryBuilder->createProduct()
#2 C:\inetpub\wwwroot\PHP\flevosap_2.0\index.php(7): require('C:\\inetpub\\wwwr...')
#3 {main}
  thrown in C:\inetpub\wwwroot\PHP\flevosap_2.0\src\database\QueryBuilder.php on line 57
